05-Nov-2024 09:45:39.815 정보 [main] org.apache.catalina.startup.VersionLoggerListener.log 서버 버전 이름:    Apache Tomcat/10.1.31
05-Nov-2024 09:45:39.818 정보 [main] org.apache.catalina.startup.VersionLoggerListener.log Server 빌드 시각:  Oct 3 2024 19:02:38 UTC
05-Nov-2024 09:45:39.819 정보 [main] org.apache.catalina.startup.VersionLoggerListener.log Server 버전 번호:  10.1.31.0
05-Nov-2024 09:45:39.819 정보 [main] org.apache.catalina.startup.VersionLoggerListener.log 운영체제 이름:     Windows 11
05-Nov-2024 09:45:39.819 정보 [main] org.apache.catalina.startup.VersionLoggerListener.log 운영체제 버전:     10.0
05-Nov-2024 09:45:39.819 정보 [main] org.apache.catalina.startup.VersionLoggerListener.log 아키텍처:          amd64
05-Nov-2024 09:45:39.820 정보 [main] org.apache.catalina.startup.VersionLoggerListener.log 자바 홈:           C:\Program Files\Zulu\zulu-17
05-Nov-2024 09:45:39.820 정보 [main] org.apache.catalina.startup.VersionLoggerListener.log JVM 버전:          17.0.12+7-LTS
05-Nov-2024 09:45:39.820 정보 [main] org.apache.catalina.startup.VersionLoggerListener.log JVM 벤더:          Azul Systems, Inc.
05-Nov-2024 09:45:39.820 정보 [main] org.apache.catalina.startup.VersionLoggerListener.log CATALINA_BASE:     C:\java\apache-tomcat-10.1.31
05-Nov-2024 09:45:39.820 정보 [main] org.apache.catalina.startup.VersionLoggerListener.log CATALINA_HOME:     C:\java\apache-tomcat-10.1.31
05-Nov-2024 09:45:39.826 정보 [main] org.apache.catalina.startup.VersionLoggerListener.log 명령 행 아규먼트:  -Djava.util.logging.config.file=C:\java\apache-tomcat-10.1.31\conf\logging.properties
05-Nov-2024 09:45:39.826 정보 [main] org.apache.catalina.startup.VersionLoggerListener.log 명령 행 아규먼트:  -Djava.util.logging.manager=org.apache.juli.ClassLoaderLogManager
05-Nov-2024 09:45:39.826 정보 [main] org.apache.catalina.startup.VersionLoggerListener.log 명령 행 아규먼트:  -Djdk.tls.ephemeralDHKeySize=2048
05-Nov-2024 09:45:39.826 정보 [main] org.apache.catalina.startup.VersionLoggerListener.log 명령 행 아규먼트:  -Djava.protocol.handler.pkgs=org.apache.catalina.webresources
05-Nov-2024 09:45:39.826 정보 [main] org.apache.catalina.startup.VersionLoggerListener.log 명령 행 아규먼트:  --add-opens=java.base/java.lang=ALL-UNNAMED
05-Nov-2024 09:45:39.827 정보 [main] org.apache.catalina.startup.VersionLoggerListener.log 명령 행 아규먼트:  --add-opens=java.base/java.io=ALL-UNNAMED
05-Nov-2024 09:45:39.827 정보 [main] org.apache.catalina.startup.VersionLoggerListener.log 명령 행 아규먼트:  --add-opens=java.base/java.util=ALL-UNNAMED
05-Nov-2024 09:45:39.827 정보 [main] org.apache.catalina.startup.VersionLoggerListener.log 명령 행 아규먼트:  --add-opens=java.base/java.util.concurrent=ALL-UNNAMED
05-Nov-2024 09:45:39.827 정보 [main] org.apache.catalina.startup.VersionLoggerListener.log 명령 행 아규먼트:  --add-opens=java.rmi/sun.rmi.transport=ALL-UNNAMED
05-Nov-2024 09:45:39.828 정보 [main] org.apache.catalina.startup.VersionLoggerListener.log 명령 행 아규먼트:  -Dcatalina.base=C:\java\apache-tomcat-10.1.31
05-Nov-2024 09:45:39.829 정보 [main] org.apache.catalina.startup.VersionLoggerListener.log 명령 행 아규먼트:  -Dcatalina.home=C:\java\apache-tomcat-10.1.31
05-Nov-2024 09:45:39.829 정보 [main] org.apache.catalina.startup.VersionLoggerListener.log 명령 행 아규먼트:  -Djava.io.tmpdir=C:\java\apache-tomcat-10.1.31\temp
05-Nov-2024 09:45:39.837 정보 [main] org.apache.catalina.core.AprLifecycleListener.lifecycleEvent APR 버전 [1.7.4]을(를) 사용한, APR 기반 Apache Tomcat Native 라이브러리 [2.0.8]을(를) 로드했습니다.
05-Nov-2024 09:45:39.850 정보 [main] org.apache.catalina.core.AprLifecycleListener.initializeSSL OpenSSL이 성공적으로 초기화되었습니다: [OpenSSL 3.0.14 4 Jun 2024]
05-Nov-2024 09:45:40.039 정보 [main] org.apache.coyote.AbstractProtocol.init 프로토콜 핸들러 ["http-nio-8080"]을(를) 초기화합니다.
05-Nov-2024 09:45:40.057 정보 [main] org.apache.catalina.startup.Catalina.load [409] 밀리초 내에 서버가 초기화되었습니다.
05-Nov-2024 09:45:40.097 정보 [main] org.apache.catalina.core.StandardService.startInternal 서비스 [Catalina]을(를) 시작합니다.
05-Nov-2024 09:45:40.098 정보 [main] org.apache.catalina.core.StandardEngine.startInternal 서버 엔진을 시작합니다: [Apache Tomcat/10.1.31]
05-Nov-2024 09:45:40.114 정보 [main] org.apache.catalina.startup.HostConfig.deployDirectory 웹 애플리케이션 디렉토리 [C:\java\apache-tomcat-10.1.31\webapps\docs]을(를) 배치합니다.
05-Nov-2024 09:45:40.390 정보 [main] org.apache.catalina.startup.HostConfig.deployDirectory 웹 애플리케이션 디렉토리 [C:\java\apache-tomcat-10.1.31\webapps\docs]에 대한 배치가 [275] 밀리초에 완료되었습니다.
05-Nov-2024 09:45:40.390 정보 [main] org.apache.catalina.startup.HostConfig.deployDirectory 웹 애플리케이션 디렉토리 [C:\java\apache-tomcat-10.1.31\webapps\examples]을(를) 배치합니다.
05-Nov-2024 09:45:40.685 정보 [main] org.apache.catalina.startup.HostConfig.deployDirectory 웹 애플리케이션 디렉토리 [C:\java\apache-tomcat-10.1.31\webapps\examples]에 대한 배치가 [295] 밀리초에 완료되었습니다.
05-Nov-2024 09:45:40.685 정보 [main] org.apache.catalina.startup.HostConfig.deployDirectory 웹 애플리케이션 디렉토리 [C:\java\apache-tomcat-10.1.31\webapps\host-manager]을(를) 배치합니다.
05-Nov-2024 09:45:40.714 정보 [main] org.apache.catalina.startup.HostConfig.deployDirectory 웹 애플리케이션 디렉토리 [C:\java\apache-tomcat-10.1.31\webapps\host-manager]에 대한 배치가 [29] 밀리초에 완료되었습니다.
05-Nov-2024 09:45:40.714 정보 [main] org.apache.catalina.startup.HostConfig.deployDirectory 웹 애플리케이션 디렉토리 [C:\java\apache-tomcat-10.1.31\webapps\manager]을(를) 배치합니다.
05-Nov-2024 09:45:40.741 정보 [main] org.apache.catalina.startup.HostConfig.deployDirectory 웹 애플리케이션 디렉토리 [C:\java\apache-tomcat-10.1.31\webapps\manager]에 대한 배치가 [27] 밀리초에 완료되었습니다.
05-Nov-2024 09:45:40.749 정보 [main] org.apache.catalina.startup.HostConfig.deployDirectory 웹 애플리케이션 디렉토리 [C:\java\apache-tomcat-10.1.31\webapps\ROOT]을(를) 배치합니다.
05-Nov-2024 09:45:40.769 정보 [main] org.apache.catalina.startup.HostConfig.deployDirectory 웹 애플리케이션 디렉토리 [C:\java\apache-tomcat-10.1.31\webapps\ROOT]에 대한 배치가 [20] 밀리초에 완료되었습니다.
05-Nov-2024 09:45:40.772 정보 [main] org.apache.coyote.AbstractProtocol.start 프로토콜 핸들러 ["http-nio-8080"]을(를) 시작합니다.
05-Nov-2024 09:45:40.800 정보 [main] org.apache.catalina.startup.Catalina.start 서버가 [742] 밀리초 내에 시작되었습니다.
05-Nov-2024 09:45:50.214 정보 [Thread-1] org.apache.coyote.AbstractProtocol.pause 프로토콜 핸들러 ["http-nio-8080"]을(를) 일시 정지 중
05-Nov-2024 09:45:50.249 정보 [Thread-1] org.apache.catalina.core.StandardService.stopInternal 서비스 [Catalina]을(를) 중지시킵니다.
05-Nov-2024 09:45:50.263 정보 [Thread-1] org.apache.coyote.AbstractProtocol.stop 프로토콜 핸들러 ["http-nio-8080"]을(를) 중지시킵니다.
05-Nov-2024 09:45:50.286 정보 [Thread-1] org.apache.coyote.AbstractProtocol.destroy 프로토콜 핸들러 ["http-nio-8080"]을(를) 소멸시킵니다.
05-Nov-2024 10:11:26.402 심각 [main] org.apache.catalina.startup.Catalina.stopServer [localhost:8005] (base 포트 [8005] 그리고 offset [0])와(과) 연결할 수 없었습니다. Tomcat이 실행 중이지 않을 수 있습니다.
05-Nov-2024 10:11:26.405 심각 [main] org.apache.catalina.startup.Catalina.stopServer Catalina를 중지시키는 중 오류 발생
	java.net.ConnectException: Connection refused: connect
		at java.base/sun.nio.ch.Net.connect0(Native Method)
		at java.base/sun.nio.ch.Net.connect(Net.java:579)
		at java.base/sun.nio.ch.Net.connect(Net.java:568)
		at java.base/sun.nio.ch.NioSocketImpl.connect(NioSocketImpl.java:593)
		at java.base/java.net.SocksSocketImpl.connect(SocksSocketImpl.java:327)
		at java.base/java.net.Socket.connect(Socket.java:639)
		at java.base/java.net.Socket.connect(Socket.java:588)
		at java.base/java.net.Socket.<init>(Socket.java:512)
		at java.base/java.net.Socket.<init>(Socket.java:292)
		at org.apache.catalina.startup.Catalina.stopServer(Catalina.java:653)
		at java.base/jdk.internal.reflect.NativeMethodAccessorImpl.invoke0(Native Method)
		at java.base/jdk.internal.reflect.NativeMethodAccessorImpl.invoke(NativeMethodAccessorImpl.java:77)
		at java.base/jdk.internal.reflect.DelegatingMethodAccessorImpl.invoke(DelegatingMethodAccessorImpl.java:43)
		at java.base/java.lang.reflect.Method.invoke(Method.java:569)
		at org.apache.catalina.startup.Bootstrap.stopServer(Bootstrap.java:393)
		at org.apache.catalina.startup.Bootstrap.main(Bootstrap.java:478)
05-Nov-2024 10:11:34.688 정보 [main] org.apache.catalina.startup.VersionLoggerListener.log 서버 버전 이름:    Apache Tomcat/10.1.31
05-Nov-2024 10:11:34.691 정보 [main] org.apache.catalina.startup.VersionLoggerListener.log Server 빌드 시각:  Oct 3 2024 19:02:38 UTC
05-Nov-2024 10:11:34.692 정보 [main] org.apache.catalina.startup.VersionLoggerListener.log Server 버전 번호:  10.1.31.0
05-Nov-2024 10:11:34.692 정보 [main] org.apache.catalina.startup.VersionLoggerListener.log 운영체제 이름:     Windows 11
05-Nov-2024 10:11:34.692 정보 [main] org.apache.catalina.startup.VersionLoggerListener.log 운영체제 버전:     10.0
05-Nov-2024 10:11:34.692 정보 [main] org.apache.catalina.startup.VersionLoggerListener.log 아키텍처:          amd64
05-Nov-2024 10:11:34.693 정보 [main] org.apache.catalina.startup.VersionLoggerListener.log 자바 홈:           C:\Program Files\Zulu\zulu-17
05-Nov-2024 10:11:34.693 정보 [main] org.apache.catalina.startup.VersionLoggerListener.log JVM 버전:          17.0.12+7-LTS
05-Nov-2024 10:11:34.693 정보 [main] org.apache.catalina.startup.VersionLoggerListener.log JVM 벤더:          Azul Systems, Inc.
05-Nov-2024 10:11:34.694 정보 [main] org.apache.catalina.startup.VersionLoggerListener.log CATALINA_BASE:     C:\java\apache-tomcat-10.1.31
05-Nov-2024 10:11:34.694 정보 [main] org.apache.catalina.startup.VersionLoggerListener.log CATALINA_HOME:     C:\java\apache-tomcat-10.1.31
05-Nov-2024 10:11:34.699 정보 [main] org.apache.catalina.startup.VersionLoggerListener.log 명령 행 아규먼트:  -Djava.util.logging.config.file=C:\java\apache-tomcat-10.1.31\conf\logging.properties
05-Nov-2024 10:11:34.700 정보 [main] org.apache.catalina.startup.VersionLoggerListener.log 명령 행 아규먼트:  -Djava.util.logging.manager=org.apache.juli.ClassLoaderLogManager
05-Nov-2024 10:11:34.700 정보 [main] org.apache.catalina.startup.VersionLoggerListener.log 명령 행 아규먼트:  -Djdk.tls.ephemeralDHKeySize=2048
05-Nov-2024 10:11:34.700 정보 [main] org.apache.catalina.startup.VersionLoggerListener.log 명령 행 아규먼트:  -Djava.protocol.handler.pkgs=org.apache.catalina.webresources
05-Nov-2024 10:11:34.700 정보 [main] org.apache.catalina.startup.VersionLoggerListener.log 명령 행 아규먼트:  --add-opens=java.base/java.lang=ALL-UNNAMED
05-Nov-2024 10:11:34.700 정보 [main] org.apache.catalina.startup.VersionLoggerListener.log 명령 행 아규먼트:  --add-opens=java.base/java.io=ALL-UNNAMED
05-Nov-2024 10:11:34.700 정보 [main] org.apache.catalina.startup.VersionLoggerListener.log 명령 행 아규먼트:  --add-opens=java.base/java.util=ALL-UNNAMED
05-Nov-2024 10:11:34.701 정보 [main] org.apache.catalina.startup.VersionLoggerListener.log 명령 행 아규먼트:  --add-opens=java.base/java.util.concurrent=ALL-UNNAMED
05-Nov-2024 10:11:34.701 정보 [main] org.apache.catalina.startup.VersionLoggerListener.log 명령 행 아규먼트:  --add-opens=java.rmi/sun.rmi.transport=ALL-UNNAMED
05-Nov-2024 10:11:34.701 정보 [main] org.apache.catalina.startup.VersionLoggerListener.log 명령 행 아규먼트:  -Dcatalina.base=C:\java\apache-tomcat-10.1.31
05-Nov-2024 10:11:34.701 정보 [main] org.apache.catalina.startup.VersionLoggerListener.log 명령 행 아규먼트:  -Dcatalina.home=C:\java\apache-tomcat-10.1.31
05-Nov-2024 10:11:34.701 정보 [main] org.apache.catalina.startup.VersionLoggerListener.log 명령 행 아규먼트:  -Djava.io.tmpdir=C:\java\apache-tomcat-10.1.31\temp
05-Nov-2024 10:11:34.710 정보 [main] org.apache.catalina.core.AprLifecycleListener.lifecycleEvent APR 버전 [1.7.4]을(를) 사용한, APR 기반 Apache Tomcat Native 라이브러리 [2.0.8]을(를) 로드했습니다.
05-Nov-2024 10:11:34.723 정보 [main] org.apache.catalina.core.AprLifecycleListener.initializeSSL OpenSSL이 성공적으로 초기화되었습니다: [OpenSSL 3.0.14 4 Jun 2024]
05-Nov-2024 10:11:34.919 정보 [main] org.apache.coyote.AbstractProtocol.init 프로토콜 핸들러 ["http-nio-8080"]을(를) 초기화합니다.
05-Nov-2024 10:11:34.937 정보 [main] org.apache.catalina.startup.Catalina.load [405] 밀리초 내에 서버가 초기화되었습니다.
05-Nov-2024 10:11:34.977 정보 [main] org.apache.catalina.core.StandardService.startInternal 서비스 [Catalina]을(를) 시작합니다.
05-Nov-2024 10:11:34.979 정보 [main] org.apache.catalina.core.StandardEngine.startInternal 서버 엔진을 시작합니다: [Apache Tomcat/10.1.31]
05-Nov-2024 10:11:34.987 정보 [main] org.apache.catalina.startup.HostConfig.deployDirectory 웹 애플리케이션 디렉토리 [C:\java\apache-tomcat-10.1.31\webapps\docs]을(를) 배치합니다.
05-Nov-2024 10:11:35.322 정보 [main] org.apache.catalina.startup.HostConfig.deployDirectory 웹 애플리케이션 디렉토리 [C:\java\apache-tomcat-10.1.31\webapps\docs]에 대한 배치가 [332] 밀리초에 완료되었습니다.
05-Nov-2024 10:11:35.323 정보 [main] org.apache.catalina.startup.HostConfig.deployDirectory 웹 애플리케이션 디렉토리 [C:\java\apache-tomcat-10.1.31\webapps\examples]을(를) 배치합니다.
05-Nov-2024 10:11:35.662 정보 [main] org.apache.catalina.startup.HostConfig.deployDirectory 웹 애플리케이션 디렉토리 [C:\java\apache-tomcat-10.1.31\webapps\examples]에 대한 배치가 [340] 밀리초에 완료되었습니다.
05-Nov-2024 10:11:35.663 정보 [main] org.apache.catalina.startup.HostConfig.deployDirectory 웹 애플리케이션 디렉토리 [C:\java\apache-tomcat-10.1.31\webapps\host-manager]을(를) 배치합니다.
05-Nov-2024 10:11:35.692 정보 [main] org.apache.catalina.startup.HostConfig.deployDirectory 웹 애플리케이션 디렉토리 [C:\java\apache-tomcat-10.1.31\webapps\host-manager]에 대한 배치가 [28] 밀리초에 완료되었습니다.
05-Nov-2024 10:11:35.692 정보 [main] org.apache.catalina.startup.HostConfig.deployDirectory 웹 애플리케이션 디렉토리 [C:\java\apache-tomcat-10.1.31\webapps\manager]을(를) 배치합니다.
05-Nov-2024 10:11:35.719 정보 [main] org.apache.catalina.startup.HostConfig.deployDirectory 웹 애플리케이션 디렉토리 [C:\java\apache-tomcat-10.1.31\webapps\manager]에 대한 배치가 [27] 밀리초에 완료되었습니다.
05-Nov-2024 10:11:35.720 정보 [main] org.apache.catalina.startup.HostConfig.deployDirectory 웹 애플리케이션 디렉토리 [C:\java\apache-tomcat-10.1.31\webapps\ROOT]을(를) 배치합니다.
05-Nov-2024 10:11:35.735 정보 [main] org.apache.catalina.startup.HostConfig.deployDirectory 웹 애플리케이션 디렉토리 [C:\java\apache-tomcat-10.1.31\webapps\ROOT]에 대한 배치가 [16] 밀리초에 완료되었습니다.
05-Nov-2024 10:11:35.745 정보 [main] org.apache.coyote.AbstractProtocol.start 프로토콜 핸들러 ["http-nio-8080"]을(를) 시작합니다.
05-Nov-2024 10:11:35.777 정보 [main] org.apache.catalina.startup.Catalina.start 서버가 [839] 밀리초 내에 시작되었습니다.
05-Nov-2024 10:13:02.581 정보 [Thread-1] org.apache.coyote.AbstractProtocol.pause 프로토콜 핸들러 ["http-nio-8080"]을(를) 일시 정지 중
05-Nov-2024 10:13:02.617 정보 [Thread-1] org.apache.catalina.core.StandardService.stopInternal 서비스 [Catalina]을(를) 중지시킵니다.
05-Nov-2024 10:13:02.631 정보 [Thread-1] org.apache.coyote.AbstractProtocol.stop 프로토콜 핸들러 ["http-nio-8080"]을(를) 중지시킵니다.
05-Nov-2024 10:13:02.633 정보 [Thread-1] org.apache.coyote.AbstractProtocol.destroy 프로토콜 핸들러 ["http-nio-8080"]을(를) 소멸시킵니다.
05-Nov-2024 10:15:01.149 정보 [main] org.apache.catalina.startup.VersionLoggerListener.log 서버 버전 이름:    Apache Tomcat/10.1.31
05-Nov-2024 10:15:01.156 정보 [main] org.apache.catalina.startup.VersionLoggerListener.log Server 빌드 시각:  Oct 3 2024 19:02:38 UTC
05-Nov-2024 10:15:01.156 정보 [main] org.apache.catalina.startup.VersionLoggerListener.log Server 버전 번호:  10.1.31.0
05-Nov-2024 10:15:01.156 정보 [main] org.apache.catalina.startup.VersionLoggerListener.log 운영체제 이름:     Windows 11
05-Nov-2024 10:15:01.157 정보 [main] org.apache.catalina.startup.VersionLoggerListener.log 운영체제 버전:     10.0
05-Nov-2024 10:15:01.157 정보 [main] org.apache.catalina.startup.VersionLoggerListener.log 아키텍처:          amd64
05-Nov-2024 10:15:01.157 정보 [main] org.apache.catalina.startup.VersionLoggerListener.log 자바 홈:           C:\Program Files\Zulu\zulu-17
05-Nov-2024 10:15:01.157 정보 [main] org.apache.catalina.startup.VersionLoggerListener.log JVM 버전:          17.0.12+7-LTS
05-Nov-2024 10:15:01.157 정보 [main] org.apache.catalina.startup.VersionLoggerListener.log JVM 벤더:          Azul Systems, Inc.
05-Nov-2024 10:15:01.157 정보 [main] org.apache.catalina.startup.VersionLoggerListener.log CATALINA_BASE:     C:\java\apache-tomcat-10.1.31
05-Nov-2024 10:15:01.158 정보 [main] org.apache.catalina.startup.VersionLoggerListener.log CATALINA_HOME:     C:\java\apache-tomcat-10.1.31
05-Nov-2024 10:15:01.161 정보 [main] org.apache.catalina.startup.VersionLoggerListener.log 명령 행 아규먼트:  -Djava.util.logging.config.file=C:\java\apache-tomcat-10.1.31\conf\logging.properties
05-Nov-2024 10:15:01.163 정보 [main] org.apache.catalina.startup.VersionLoggerListener.log 명령 행 아규먼트:  -Djava.util.logging.manager=org.apache.juli.ClassLoaderLogManager
05-Nov-2024 10:15:01.163 정보 [main] org.apache.catalina.startup.VersionLoggerListener.log 명령 행 아규먼트:  -Djdk.tls.ephemeralDHKeySize=2048
05-Nov-2024 10:15:01.163 정보 [main] org.apache.catalina.startup.VersionLoggerListener.log 명령 행 아규먼트:  -Djava.protocol.handler.pkgs=org.apache.catalina.webresources
05-Nov-2024 10:15:01.163 정보 [main] org.apache.catalina.startup.VersionLoggerListener.log 명령 행 아규먼트:  --add-opens=java.base/java.lang=ALL-UNNAMED
05-Nov-2024 10:15:01.163 정보 [main] org.apache.catalina.startup.VersionLoggerListener.log 명령 행 아규먼트:  --add-opens=java.base/java.io=ALL-UNNAMED
05-Nov-2024 10:15:01.163 정보 [main] org.apache.catalina.startup.VersionLoggerListener.log 명령 행 아규먼트:  --add-opens=java.base/java.util=ALL-UNNAMED
05-Nov-2024 10:15:01.163 정보 [main] org.apache.catalina.startup.VersionLoggerListener.log 명령 행 아규먼트:  --add-opens=java.base/java.util.concurrent=ALL-UNNAMED
05-Nov-2024 10:15:01.164 정보 [main] org.apache.catalina.startup.VersionLoggerListener.log 명령 행 아규먼트:  --add-opens=java.rmi/sun.rmi.transport=ALL-UNNAMED
05-Nov-2024 10:15:01.164 정보 [main] org.apache.catalina.startup.VersionLoggerListener.log 명령 행 아규먼트:  -Dcatalina.base=C:\java\apache-tomcat-10.1.31
05-Nov-2024 10:15:01.164 정보 [main] org.apache.catalina.startup.VersionLoggerListener.log 명령 행 아규먼트:  -Dcatalina.home=C:\java\apache-tomcat-10.1.31
05-Nov-2024 10:15:01.164 정보 [main] org.apache.catalina.startup.VersionLoggerListener.log 명령 행 아규먼트:  -Djava.io.tmpdir=C:\java\apache-tomcat-10.1.31\temp
05-Nov-2024 10:15:01.166 정보 [main] org.apache.catalina.core.AprLifecycleListener.lifecycleEvent APR 버전 [1.7.4]을(를) 사용한, APR 기반 Apache Tomcat Native 라이브러리 [2.0.8]을(를) 로드했습니다.
05-Nov-2024 10:15:01.169 정보 [main] org.apache.catalina.core.AprLifecycleListener.initializeSSL OpenSSL이 성공적으로 초기화되었습니다: [OpenSSL 3.0.14 4 Jun 2024]
05-Nov-2024 10:15:01.349 정보 [main] org.apache.coyote.AbstractProtocol.init 프로토콜 핸들러 ["http-nio-8080"]을(를) 초기화합니다.
05-Nov-2024 10:15:01.403 정보 [main] org.apache.catalina.startup.Catalina.load [402] 밀리초 내에 서버가 초기화되었습니다.
05-Nov-2024 10:15:01.439 정보 [main] org.apache.catalina.core.StandardService.startInternal 서비스 [Catalina]을(를) 시작합니다.
05-Nov-2024 10:15:01.439 정보 [main] org.apache.catalina.core.StandardEngine.startInternal 서버 엔진을 시작합니다: [Apache Tomcat/10.1.31]
05-Nov-2024 10:15:01.447 정보 [main] org.apache.catalina.startup.HostConfig.deployDirectory 웹 애플리케이션 디렉토리 [C:\java\apache-tomcat-10.1.31\webapps\docs]을(를) 배치합니다.
05-Nov-2024 10:15:01.712 정보 [main] org.apache.catalina.startup.HostConfig.deployDirectory 웹 애플리케이션 디렉토리 [C:\java\apache-tomcat-10.1.31\webapps\docs]에 대한 배치가 [265] 밀리초에 완료되었습니다.
05-Nov-2024 10:15:01.712 정보 [main] org.apache.catalina.startup.HostConfig.deployDirectory 웹 애플리케이션 디렉토리 [C:\java\apache-tomcat-10.1.31\webapps\examples]을(를) 배치합니다.
05-Nov-2024 10:15:02.021 정보 [main] org.apache.catalina.startup.HostConfig.deployDirectory 웹 애플리케이션 디렉토리 [C:\java\apache-tomcat-10.1.31\webapps\examples]에 대한 배치가 [308] 밀리초에 완료되었습니다.
05-Nov-2024 10:15:02.021 정보 [main] org.apache.catalina.startup.HostConfig.deployDirectory 웹 애플리케이션 디렉토리 [C:\java\apache-tomcat-10.1.31\webapps\host-manager]을(를) 배치합니다.
05-Nov-2024 10:15:02.051 정보 [main] org.apache.catalina.startup.HostConfig.deployDirectory 웹 애플리케이션 디렉토리 [C:\java\apache-tomcat-10.1.31\webapps\host-manager]에 대한 배치가 [29] 밀리초에 완료되었습니다.
05-Nov-2024 10:15:02.051 정보 [main] org.apache.catalina.startup.HostConfig.deployDirectory 웹 애플리케이션 디렉토리 [C:\java\apache-tomcat-10.1.31\webapps\manager]을(를) 배치합니다.
05-Nov-2024 10:15:02.077 정보 [main] org.apache.catalina.startup.HostConfig.deployDirectory 웹 애플리케이션 디렉토리 [C:\java\apache-tomcat-10.1.31\webapps\manager]에 대한 배치가 [26] 밀리초에 완료되었습니다.
05-Nov-2024 10:15:02.078 정보 [main] org.apache.catalina.startup.HostConfig.deployDirectory 웹 애플리케이션 디렉토리 [C:\java\apache-tomcat-10.1.31\webapps\ROOT]을(를) 배치합니다.
05-Nov-2024 10:15:02.098 정보 [main] org.apache.catalina.startup.HostConfig.deployDirectory 웹 애플리케이션 디렉토리 [C:\java\apache-tomcat-10.1.31\webapps\ROOT]에 대한 배치가 [20] 밀리초에 완료되었습니다.
05-Nov-2024 10:15:02.101 정보 [main] org.apache.coyote.AbstractProtocol.start 프로토콜 핸들러 ["http-nio-8080"]을(를) 시작합니다.
05-Nov-2024 10:15:02.128 정보 [main] org.apache.catalina.startup.Catalina.start 서버가 [724] 밀리초 내에 시작되었습니다.
05-Nov-2024 11:36:48.885 정보 [http-nio-8080-exec-4] org.apache.coyote.http11.Http11Processor.service HTTP 요청 헤더를 파싱하는 중 오류 발생
 비고: HTTP 요청 파싱 오류들이 더 발생하는 경우 DEBUG 레벨 로그로 기록될 것입니다.
	java.lang.IllegalArgumentException: 메소드 이름에 유효하지 않은 문자가 발견되었습니다. HTTP 메소드 이름은 유효한 토큰이어야 합니다.
		at org.apache.coyote.http11.Http11InputBuffer.parseRequestLine(Http11InputBuffer.java:406)
		at org.apache.coyote.http11.Http11Processor.service(Http11Processor.java:257)
		at org.apache.coyote.AbstractProcessorLight.process(AbstractProcessorLight.java:63)
		at org.apache.coyote.AbstractProtocol$ConnectionHandler.process(AbstractProtocol.java:905)
		at org.apache.tomcat.util.net.NioEndpoint$SocketProcessor.doRun(NioEndpoint.java:1741)
		at org.apache.tomcat.util.net.SocketProcessorBase.run(SocketProcessorBase.java:52)
		at org.apache.tomcat.util.threads.ThreadPoolExecutor.runWorker(ThreadPoolExecutor.java:1190)
		at org.apache.tomcat.util.threads.ThreadPoolExecutor$Worker.run(ThreadPoolExecutor.java:659)
		at org.apache.tomcat.util.threads.TaskThread$WrappingRunnable.run(TaskThread.java:63)
		at java.base/java.lang.Thread.run(Thread.java:840)
05-Nov-2024 16:12:47.902 정보 [Thread-1] org.apache.coyote.AbstractProtocol.pause 프로토콜 핸들러 ["http-nio-8080"]을(를) 일시 정지 중
05-Nov-2024 16:12:47.964 정보 [Thread-1] org.apache.catalina.core.StandardService.stopInternal 서비스 [Catalina]을(를) 중지시킵니다.
05-Nov-2024 16:12:48.036 정보 [Thread-1] org.apache.coyote.AbstractProtocol.stop 프로토콜 핸들러 ["http-nio-8080"]을(를) 중지시킵니다.
05-Nov-2024 16:12:48.049 정보 [Thread-1] org.apache.coyote.AbstractProtocol.destroy 프로토콜 핸들러 ["http-nio-8080"]을(를) 소멸시킵니다.
